Using pre-set license
Built from '2021.2/staging' branch; Version is '2021.2.10f1 (ee872746220e) revision 15632167'; Using compiler version '192829333'; Build Type 'Release'
OS: 'Windows 11  (10.0.22621) 64bit Core' Language: 'en' Physical Memory: 32157 MB
BatchMode: 1, IsHumanControllingUs: 0, StartBugReporterOnCrash: 0, Is64bit: 1, IsPro: 0

COMMAND LINE ARGUMENTS:
D:\Unity\2021.2.10f1\Editor\Unity.exe
-adb2
-batchMode
-noUpm
-name
AssetImportWorker1
-projectPath
C:/Users/jonah/Desktop/Saved Work/Presidential/Game
-logFile
Logs/AssetImportWorker1.log
-srvPort
49967
Successfully changed project path to: C:/Users/jonah/Desktop/Saved Work/Presidential/Game
C:/Users/jonah/Desktop/Saved Work/Presidential/Game
[UnityMemory] Configuration Parameters - Can be set up in boot.config
    "memorysetup-bucket-allocator-granularity=16"
    "memorysetup-bucket-allocator-bucket-count=8"
    "memorysetup-bucket-allocator-block-size=33554432"
    "memorysetup-bucket-allocator-block-count=8"
    "memorysetup-main-allocator-block-size=16777216"
    "memorysetup-thread-allocator-block-size=16777216"
    "memorysetup-gfx-main-allocator-block-size=16777216"
    "memorysetup-gfx-thread-allocator-block-size=16777216"
    "memorysetup-cache-allocator-block-size=4194304"
    "memorysetup-typetree-allocator-block-size=2097152"
    "memorysetup-profiler-bucket-allocator-granularity=16"
    "memorysetup-profiler-bucket-allocator-bucket-count=8"
    "memorysetup-profiler-bucket-allocator-block-size=33554432"
    "memorysetup-profiler-bucket-allocator-block-count=8"
    "memorysetup-profiler-allocator-block-size=16777216"
    "memorysetup-profiler-editor-allocator-block-size=1048576"
    "memorysetup-temp-allocator-size-main=16777216"
    "memorysetup-job-temp-allocator-block-size=2097152"
    "memorysetup-job-temp-allocator-block-size-background=1048576"
    "memorysetup-job-temp-allocator-reduction-small-platforms=262144"
    "memorysetup-temp-allocator-size-background-worker=32768"
    "memorysetup-temp-allocator-size-job-worker=262144"
    "memorysetup-temp-allocator-size-preload-manager=33554432"
    "memorysetup-temp-allocator-size-nav-mesh-worker=65536"
    "memorysetup-temp-allocator-size-audio-worker=65536"
    "memorysetup-temp-allocator-size-cloud-worker=32768"
    "memorysetup-temp-allocator-size-gi-baking-worker=262144"
    "memorysetup-temp-allocator-size-gfx=262144"
Refreshing native plugins compatible for Editor in 178.10 ms, found 0 plugins.
Preloading 0 native plugins for Editor in 0.00 ms.
Initialize engine version: 2021.2.10f1 (ee872746220e)
[Subsystems] Discovering subsystems at path D:/Unity/2021.2.10f1/Editor/Data/Resources/UnitySubsystems
[Subsystems] Discovering subsystems at path C:/Users/jonah/Desktop/Saved Work/Presidential/Game/Assets
GfxDevice: creating device client; threaded=0; jobified=0
Direct3D:
    Version:  Direct3D 11.0 [level 11.1]
    Renderer: NVIDIA GeForce RTX 3080 Laptop GPU (ID=0x249c)
    Vendor:   NVIDIA
    VRAM:     16191 MB
    Driver:   31.0.15.3118
Initialize mono
Mono path[0] = 'D:/Unity/2021.2.10f1/Editor/Data/Managed'
Mono path[1] = 'D:/Unity/2021.2.10f1/Editor/Data/MonoBleedingEdge/lib/mono/unityjit-win32'
Mono config path = 'D:/Unity/2021.2.10f1/Editor/Data/MonoBleedingEdge/etc'
Using monoOptions --debugger-agent=transport=dt_socket,embedding=1,server=y,suspend=n,address=127.0.0.1:56872
Begin MonoManager ReloadAssembly
Registering precompiled unity dll's ...
Register platform support module: D:/Unity/2021.2.10f1/Editor/Data/PlaybackEngines/WebGLSupport/UnityEditor.WebGL.Extensions.dll
Register platform support module: D:/Unity/2021.2.10f1/Editor/Data/PlaybackEngines/WindowsStandaloneSupport/UnityEditor.WindowsStandalone.Extensions.dll
Registered in 0.011620 seconds.
Native extension for WindowsStandalone target not found
Native extension for WebGL target not found
Refreshing native plugins compatible for Editor in 195.01 ms, found 0 plugins.
Preloading 0 native plugins for Editor in 0.00 ms.
Mono: successfully reloaded assembly
- Completed reload, in  3.292 seconds
Domain Reload Profiling:
	ReloadAssembly (3293ms)
		BeginReloadAssembly (337ms)
			ExecutionOrderSort (0ms)
			DisableScriptedObjects (0ms)
			BackupInstance (0ms)
			ReleaseScriptingObjects (0ms)
			CreateAndSetChildDomain (2ms)
		EndReloadAssembly (2505ms)
			LoadAssemblies (335ms)
			RebuildTransferFunctionScriptingTraits (0ms)
			SetupTypeCache (536ms)
			ReleaseScriptCaches (0ms)
			RebuildScriptCaches (237ms)
			SetupLoadedEditorAssemblies (1448ms)
				LogAssemblyErrors (0ms)
				InitializePlatformSupportModulesInManaged (55ms)
				SetLoadedEditorAssemblies (0ms)
				RefreshPlugins (195ms)
				BeforeProcessingInitializeOnLoad (5ms)
				ProcessInitializeOnLoadAttributes (958ms)
				ProcessInitializeOnLoadMethodAttributes (234ms)
				AfterProcessingInitializeOnLoad (0ms)
				EditorAssembliesLoaded (0ms)
			ExecutionOrderSort2 (0ms)
			AwakeInstancesAfterBackupRestoration (0ms)
Platform modules already initialized, skipping
Registering precompiled user dll's ...
Registered in 0.003416 seconds.
Begin MonoManager ReloadAssembly
Native extension for WindowsStandalone target not found
Native extension for WebGL target not found
Refreshing native plugins compatible for Editor in 0.86 ms, found 0 plugins.
Preloading 0 native plugins for Editor in 0.00 ms.
Mono: successfully reloaded assembly
- Completed reload, in  2.230 seconds
Domain Reload Profiling:
	ReloadAssembly (2232ms)
		BeginReloadAssembly (330ms)
			ExecutionOrderSort (0ms)
			DisableScriptedObjects (18ms)
			BackupInstance (0ms)
			ReleaseScriptingObjects (2ms)
			CreateAndSetChildDomain (53ms)
		EndReloadAssembly (1633ms)
			LoadAssemblies (310ms)
			RebuildTransferFunctionScriptingTraits (0ms)
			SetupTypeCache (547ms)
			ReleaseScriptCaches (1ms)
			RebuildScriptCaches (100ms)
			SetupLoadedEditorAssemblies (624ms)
				LogAssemblyErrors (0ms)
				InitializePlatformSupportModulesInManaged (30ms)
				SetLoadedEditorAssemblies (1ms)
				RefreshPlugins (1ms)
				BeforeProcessingInitializeOnLoad (192ms)
				ProcessInitializeOnLoadAttributes (348ms)
				ProcessInitializeOnLoadMethodAttributes (45ms)
				AfterProcessingInitializeOnLoad (6ms)
				EditorAssembliesLoaded (0ms)
			ExecutionOrderSort2 (0ms)
			AwakeInstancesAfterBackupRestoration (10ms)
Platform modules already initialized, skipping
========================================================================
Worker process is ready to serve import requests
Launched and connected shader compiler UnityShaderCompiler.exe after 0.12 seconds
Refreshing native plugins compatible for Editor in 1.26 ms, found 0 plugins.
Preloading 0 native plugins for Editor in 0.00 ms.
Unloading 1534 Unused Serialized files (Serialized files now loaded: 0)
Unloading 13 unused Assets / (148.4 KB). Loaded Objects now: 2011.
Memory consumption went from 76.0 MB to 75.9 MB.
Total: 8.995200 ms (FindLiveObjects: 0.286800 ms CreateObjectMapping: 0.076300 ms MarkObjects: 8.416600 ms  DeleteObjects: 0.209800 ms)

AssetImportParameters requested are different than current active one (requested -> active):
  custom:video-decoder-ogg-theora: a1e56fd34408186e4bbccfd4996cb3dc -> 
  custom:container-muxer-webm: aa71ff27fc2769a1b78a27578f13a17b -> 
  custom:container-demuxer-webm: 4f35f7cbe854078d1ac9338744f61a02 -> 
  custom:video-encoder-webm-vp8: eb34c28f22e8b96e1ab97ce403110664 -> 
  custom:audio-encoder-webm-vorbis: bf7c407c2cedff20999df2af8eb42d56 -> 
  custom:framework-win-MediaFoundation: 216162199b28c13a410421893ffa2e32 -> 
  custom:container-demuxer-ogg: 62fdf1f143b41e24485cea50d1cbac27 -> 
  custom:video-decoder-webm-vp8: 9c59270c3fd7afecdb556c50c9e8de78 -> 
  custom:audio-decoder-ogg-vorbis: bf7c407c2cedff20999df2af8eb42d56 -> 
========================================================================
Received Prepare
Registering precompiled user dll's ...
Registered in 0.001419 seconds.
Begin MonoManager ReloadAssembly
Native extension for WindowsStandalone target not found
Native extension for WebGL target not found
Refreshing native plugins compatible for Editor in 6.53 ms, found 0 plugins.
Preloading 0 native plugins for Editor in 0.00 ms.
Mono: successfully reloaded assembly
- Completed reload, in  5.068 seconds
Domain Reload Profiling:
	ReloadAssembly (5069ms)
		BeginReloadAssembly (626ms)
			ExecutionOrderSort (0ms)
			DisableScriptedObjects (14ms)
			BackupInstance (0ms)
			ReleaseScriptingObjects (0ms)
			CreateAndSetChildDomain (147ms)
		EndReloadAssembly (3903ms)
			LoadAssemblies (419ms)
			RebuildTransferFunctionScriptingTraits (0ms)
			SetupTypeCache (1071ms)
			ReleaseScriptCaches (2ms)
			RebuildScriptCaches (259ms)
			SetupLoadedEditorAssemblies (1681ms)
				LogAssemblyErrors (0ms)
				InitializePlatformSupportModulesInManaged (76ms)
				SetLoadedEditorAssemblies (3ms)
				RefreshPlugins (7ms)
				BeforeProcessingInitializeOnLoad (311ms)
				ProcessInitializeOnLoadAttributes (1068ms)
				ProcessInitializeOnLoadMethodAttributes (203ms)
				AfterProcessingInitializeOnLoad (12ms)
				EditorAssembliesLoaded (0ms)
			ExecutionOrderSort2 (0ms)
			AwakeInstancesAfterBackupRestoration (100ms)
Platform modules already initialized, skipping
Refreshing native plugins compatible for Editor in 0.71 ms, found 0 plugins.
Preloading 0 native plugins for Editor in 0.00 ms.
Unloading 1510 Unused Serialized files (Serialized files now loaded: 0)
Unloading 8 unused Assets / (131.5 KB). Loaded Objects now: 2013.
Memory consumption went from 74.0 MB to 73.9 MB.
Total: 33.102700 ms (FindLiveObjects: 0.562100 ms CreateObjectMapping: 1.447300 ms MarkObjects: 30.854500 ms  DeleteObjects: 0.236300 ms)

AssetImportParameters requested are different than current active one (requested -> active):
  custom:video-decoder-ogg-theora: a1e56fd34408186e4bbccfd4996cb3dc -> 
  custom:container-muxer-webm: aa71ff27fc2769a1b78a27578f13a17b -> 
  custom:container-demuxer-webm: 4f35f7cbe854078d1ac9338744f61a02 -> 
  custom:video-encoder-webm-vp8: eb34c28f22e8b96e1ab97ce403110664 -> 
  custom:audio-encoder-webm-vorbis: bf7c407c2cedff20999df2af8eb42d56 -> 
  custom:framework-win-MediaFoundation: 216162199b28c13a410421893ffa2e32 -> 
  custom:container-demuxer-ogg: 62fdf1f143b41e24485cea50d1cbac27 -> 
  custom:video-decoder-webm-vp8: 9c59270c3fd7afecdb556c50c9e8de78 -> 
  custom:audio-decoder-ogg-vorbis: bf7c407c2cedff20999df2af8eb42d56 -> 
========================================================================
Received Import Request.
  Time since last request: 1404.638252 seconds.
  path: Assets/Materials/LowerWallMaterial.mat
  artifactKey: Guid(01293171f19e241959705ac54d425550) Importer(815301076,1909f56bfc062723c751e8b465ee728b)
Start importing Assets/Materials/LowerWallMaterial.mat using Guid(01293171f19e241959705ac54d425550) Importer(815301076,1909f56bfc062723c751e8b465ee728b)  -> (artifact id: '7f06b36847e0687c47e0da7b03d812e1') in 1.302295 seconds 
========================================================================
Received Import Request.
  Time since last request: 0.000044 seconds.
  path: Assets/Materials/UpperWallMaterial.mat
  artifactKey: Guid(386ee0acb2d284361a90d5ac91bbd355) Importer(815301076,1909f56bfc062723c751e8b465ee728b)
Start importing Assets/Materials/UpperWallMaterial.mat using Guid(386ee0acb2d284361a90d5ac91bbd355) Importer(815301076,1909f56bfc062723c751e8b465ee728b)  -> (artifact id: '57d0d1aab4f0ae6f473c20e03d8720cc') in 0.193497 seconds 
========================================================================
Received Import Request.
  Time since last request: 0.095902 seconds.
  path: Assets/Materials/Window.mat
  artifactKey: Guid(b7c83605d22490e49b7844a531c45244) Importer(815301076,1909f56bfc062723c751e8b465ee728b)
Start importing Assets/Materials/Window.mat using Guid(b7c83605d22490e49b7844a531c45244) Importer(815301076,1909f56bfc062723c751e8b465ee728b)  -> (artifact id: '0a3a8b6e398c6b9f0cb2184de3aafef0') in 0.198057 seconds 
========================================================================
Received Import Request.
  Time since last request: 2.622749 seconds.
  path: Assets/Hand_Painted_Nature_Kit_LITE/Textures/Landscape/Materials/Grass3-2.mat
  artifactKey: Guid(4c844f8246d83784b800580fd2f9aa92) Importer(815301076,1909f56bfc062723c751e8b465ee728b)
Start importing Assets/Hand_Painted_Nature_Kit_LITE/Textures/Landscape/Materials/Grass3-2.mat using Guid(4c844f8246d83784b800580fd2f9aa92) Importer(815301076,1909f56bfc062723c751e8b465ee728b)  -> (artifact id: '77d05afb82c969989aaa000fcbd88a88') in 0.145620 seconds 
========================================================================
Received Import Request.
  Time since last request: 0.898248 seconds.
  path: Assets/Materials/Imports/Materials/floral-embossed-wallpaper1_normal-ogl.mat
  artifactKey: Guid(8ef910392268cb84da6a24fa749f00eb) Importer(815301076,1909f56bfc062723c751e8b465ee728b)
Start importing Assets/Materials/Imports/Materials/floral-embossed-wallpaper1_normal-ogl.mat using Guid(8ef910392268cb84da6a24fa749f00eb) Importer(815301076,1909f56bfc062723c751e8b465ee728b)  -> (artifact id: '3a12dbc8e828eeeccba8dbc69e696727') in 0.087844 seconds 
========================================================================
Received Import Request.
  Time since last request: 0.693380 seconds.
  path: Assets/NextGen Furniture Pack/Materials/commode_2.mat
  artifactKey: Guid(2c1e9c1109a730a47ac6cf2f2f07fd21) Importer(815301076,1909f56bfc062723c751e8b465ee728b)
Start importing Assets/NextGen Furniture Pack/Materials/commode_2.mat using Guid(2c1e9c1109a730a47ac6cf2f2f07fd21) Importer(815301076,1909f56bfc062723c751e8b465ee728b)  -> (artifact id: '94b2c3bf00353118436eb1507a744009') in 0.206170 seconds 
========================================================================
Received Import Request.
  Time since last request: 0.000044 seconds.
  path: Assets/Materials/Imports/Materials/dark_wood_diff_4k.mat
  artifactKey: Guid(bc64c5140ddeb814b9594132c3a3ad8d) Importer(815301076,1909f56bfc062723c751e8b465ee728b)
Start importing Assets/Materials/Imports/Materials/dark_wood_diff_4k.mat using Guid(bc64c5140ddeb814b9594132c3a3ad8d) Importer(815301076,1909f56bfc062723c751e8b465ee728b)  -> (artifact id: '0bd54fd64f5b55b0a1516b266d3763fa') in 0.103280 seconds 
========================================================================
Received Import Request.
  Time since last request: 0.000030 seconds.
  path: Assets/NextGen Furniture Pack/Materials/chair_7.mat
  artifactKey: Guid(02e4f76ac4423c34ba9c36033aae764b) Importer(815301076,1909f56bfc062723c751e8b465ee728b)
Start importing Assets/NextGen Furniture Pack/Materials/chair_7.mat using Guid(02e4f76ac4423c34ba9c36033aae764b) Importer(815301076,1909f56bfc062723c751e8b465ee728b)  -> (artifact id: '8b8f39443c15ac184c304e786191a3d8') in 0.100128 seconds 
========================================================================
Received Import Request.
  Time since last request: 0.216739 seconds.
  path: Assets/NextGen Furniture Pack/Materials/chair_2.mat
  artifactKey: Guid(7783e66ae44e4d44288384e06349733a) Importer(815301076,1909f56bfc062723c751e8b465ee728b)
Start importing Assets/NextGen Furniture Pack/Materials/chair_2.mat using Guid(7783e66ae44e4d44288384e06349733a) Importer(815301076,1909f56bfc062723c751e8b465ee728b)  -> (artifact id: '4ab8009663752c57dff45ab4b324b5d4') in 0.152919 seconds 
========================================================================
Received Import Request.
  Time since last request: 0.005943 seconds.
  path: Assets/Materials/CarpetMaterial.mat
  artifactKey: Guid(d6820884f7ec34a58a37bafefa58f78f) Importer(815301076,1909f56bfc062723c751e8b465ee728b)
Start importing Assets/Materials/CarpetMaterial.mat using Guid(d6820884f7ec34a58a37bafefa58f78f) Importer(815301076,1909f56bfc062723c751e8b465ee728b)  -> (artifact id: '20cc33c8c4d6fb7f6154080962a1844a') in 0.221817 seconds 
Editor requested this worker to shutdown with reason: Scaling down because of idle timeout
AssetImportWorker is now disconnected from the server
Process exiting
Exiting without the bug reporter. Application will terminate with return code 0